2023/04/20 08:33:28 /root/foolish/cmd/log/dal/kafka/log.go:45: [50 48 50 51 45 48 52 45 50 48 32 48 56 58 51 51 58 50 55 46 57 51 53 55 56 48 57 56 51 32 43 48 48 48 48 32 85 84 67 32 109 61 43 48 46 48 48 56 48 51 52 55 57 54 32 47 114 111 111 116 47 102 111 111 108 105 115 104 47 112 107 103 47 107 97 102 107 97 47 108 111 103 95 116 101 115 116 46 103 111 58 49 54 58 32 72 101 108 108 111 32 87 111 114 108 100]
2023/04/20 08:34:37 /root/foolish/cmd/log/dal/kafka/log.go:115: terminating: via signal
2023/04/20 08:34:37 /root/foolish/cmd/log/dal/kafka/log.go:115: terminating: via signal
2023/04/20 08:35:06 /root/foolish/cmd/log/dal/kafka/log.go:45: [50 48 50 51 45 48 52 45 50 48 32 48 56 58 51 53 58 48 53 46 55 48 54 55 51 53 54 53 51 32 43 48 48 48 48 32 85 84 67 32 109 61 43 48 46 48 48 54 57 53 49 57 51 55 32 47 114 111 111 116 47 102 111 111 108 105 115 104 47 112 107 103 47 107 97 102 107 97 47 108 111 103 95 116 101 115 116 46 103 111 58 49 54 58 32 72 101 108 108 111 32 87 111 114 108 100]
2023/04/20 08:36:01 /root/foolish/cmd/log/dal/kafka/log.go:115: terminating: via signal
2023/04/20 08:36:01 /root/foolish/cmd/log/dal/kafka/log.go:115: terminating: via signal
2023/04/20 08:36:12 /root/foolish/pkg/kafka/log.go:55: 2023-04-20 08:36:12.313154694 +0000 UTC m=+0.005328699 /root/foolish/pkg/kafka/log_test.go:16: Hello World
2023/04/20 08:36:12 /root/foolish/cmd/log/dal/kafka/log.go:45: [50 48 50 51 45 48 52 45 50 48 32 48 56 58 51 54 58 49 50 46 51 49 51 49 53 52 54 57 52 32 43 48 48 48 48 32 85 84 67 32 109 61 43 48 46 48 48 53 51 50 56 54 57 57 32 47 114 111 111 116 47 102 111 111 108 105 115 104 47 112 107 103 47 107 97 102 107 97 47 108 111 103 95 116 101 115 116 46 103 111 58 49 54 58 32 72 101 108 108 111 32 87 111 114 108 100]
2023/04/20 08:37:45 /root/foolish/cmd/log/dal/kafka/log.go:115: terminating: via signal
2023/04/20 08:37:45 /root/foolish/cmd/log/dal/kafka/log.go:115: terminating: via signal
2023/04/20 08:39:21 /root/foolish/cmd/log/dal/kafka/log.go:45: 2023-04-20 08:39:21.326014279 +0000 UTC m=+0.007216808 /root/foolish/pkg/kafka/log_test.go:16: Hello World
2023-04-20 08:43:59.274137796 +0000 UTC m=+0.003879147 /root/foolish/pkg/kafka/log_test.go:16: Hello World
2023/04/20 08:44:23 /root/foolish/cmd/log/dal/kafka/log.go:132: terminating: via signal
2023/04/20 08:44:23 /root/foolish/cmd/log/dal/kafka/log.go:132: terminating: via signal
2023-04-21 04:31:56.750280015 +0000 UTC m=+0.007471071 /root/foolish/pkg/kafka/log_test.go:16: Hello World
2023-05-20 06:12:43.51185132 +0000 UTC m=+49.876269387 /root/foolish/cmd/smtp/service/smtp.go:86: 2106633192@qq.com try to register
2023/05/20 06:15:12 /root/foolish/cmd/log/dal/kafka/log.go:132: terminating: via signal
2023/05/20 06:15:12 /root/foolish/cmd/log/dal/kafka/log.go:132: terminating: via signal
2023-05-20 06:15:49.911008819 +0000 UTC m=+6.589827367 /root/foolish/cmd/smtp/service/smtp.go:88: 2106633192@qq.com try to register
2023-05-20 06:18:07.950317977 +0000 UTC m=+7.079453024 /root/foolish/cmd/smtp/service/smtp.go:88: 2106633192@qq.com try to register
